# Logfile created on 2014-02-23 18:31:47 -0500 by logger.rb/41954
I, [2014-02-23T18:31:47.727396 #27852]  INFO -- : 0:  bacon (1.2.0) from /Users/michael.steffen/.rvm/gems/ruby-2.0.0-p353@railstutorial_rails_4_0/specifications/bacon-1.2.0.gemspec
I, [2014-02-23T18:31:48.697722 #27852]  INFO -- : 0:  bond (0.4.3) from /Users/michael.steffen/.rvm/gems/ruby-2.0.0-p353@railstutorial_rails_4_0/specifications/bond-0.4.3.gemspec
I, [2014-02-23T18:31:56.595023 #27852]  INFO -- : 0:  pg (0.17.1) from /Users/michael.steffen/.rvm/gems/ruby-2.0.0-p353@railstutorial_rails_4_0/specifications/pg-0.17.1.gemspec
I, [2014-02-23T18:31:56.596120 #27852]  INFO -- : 0:  rack (1.5.2) from /Users/michael.steffen/.rvm/gems/ruby-2.0.0-p353@railstutorial_rails_4_0/specifications/rack-1.5.2.gemspec
I, [2014-02-23T18:31:57.803383 #27852]  INFO -- : 0:  rack-protection (1.5.2) from /Users/michael.steffen/.rvm/gems/ruby-2.0.0-p353@railstutorial_rails_4_0/specifications/rack-protection-1.5.2.gemspec
I, [2014-02-23T18:31:57.804262 #27852]  INFO -- : 0:  rack-test (0.6.2) from /Users/michael.steffen/.rvm/gems/ruby-2.0.0-p353@railstutorial_rails_4_0/specifications/rack-test-0.6.2.gemspec
I, [2014-02-23T18:31:58.512502 #27852]  INFO -- : 0:  ripl (0.7.0) from /Users/michael.steffen/.rvm/gems/ruby-2.0.0-p353@railstutorial_rails_4_0/specifications/ripl-0.7.0.gemspec
I, [2014-02-23T18:31:59.210859 #27852]  INFO -- : 0:  ripl-multi_line (0.3.1) from /Users/michael.steffen/.rvm/gems/ruby-2.0.0-p353@railstutorial_rails_4_0/specifications/ripl-multi_line-0.3.1.gemspec
I, [2014-02-23T18:31:59.876571 #27852]  INFO -- : 0:  ripl-rack (0.2.1) from /Users/michael.steffen/.rvm/gems/ruby-2.0.0-p353@railstutorial_rails_4_0/specifications/ripl-rack-0.2.1.gemspec
I, [2014-02-23T18:32:02.627218 #27852]  INFO -- : 0:  sequel (4.7.0) from /Users/michael.steffen/.rvm/gems/ruby-2.0.0-p353@railstutorial_rails_4_0/specifications/sequel-4.7.0.gemspec
I, [2014-02-23T18:32:02.627726 #27852]  INFO -- : 0:  tilt (1.4.1) from /Users/michael.steffen/.rvm/gems/ruby-2.0.0-p353@railstutorial_rails_4_0/specifications/tilt-1.4.1.gemspec
I, [2014-02-23T18:32:05.695318 #27852]  INFO -- : 0:  sinatra (1.4.4) from /Users/michael.steffen/.rvm/gems/ruby-2.0.0-p353@railstutorial_rails_4_0/specifications/sinatra-1.4.4.gemspec
I, [2014-02-23T18:32:06.341313 #27852]  INFO -- : 0:  sinatra-flash (0.3.0) from /Users/michael.steffen/.rvm/gems/ruby-2.0.0-p353@railstutorial_rails_4_0/specifications/sinatra-flash-0.3.0.gemspec
I, [2014-02-23T18:32:07.533711 #27852]  INFO -- : 0:  sinatra-redirect-with-flash (0.2.1) from /Users/michael.steffen/.rvm/gems/ruby-2.0.0-p353@railstutorial_rails_4_0/specifications/sinatra-redirect-with-flash-0.2.1.gemspec
I, [2014-02-23T18:32:08.179090 #27852]  INFO -- : 0:  sinatra-sequel (0.9.0) from /Users/michael.steffen/.rvm/gems/ruby-2.0.0-p353@railstutorial_rails_4_0/specifications/sinatra-sequel-0.9.0.gemspec
I, [2014-02-23T18:32:08.854753 #27852]  INFO -- : 0:  tux (0.3.0) from /Users/michael.steffen/.rvm/gems/ruby-2.0.0-p353@railstutorial_rails_4_0/specifications/tux-0.3.0.gemspec
I, [2014-02-23T18:32:08.855179 #27852]  INFO -- : 0:  bundler (1.5.1) from /Users/michael.steffen/.rvm/gems/ruby-2.0.0-p353@global/specifications/bundler-1.5.1.gemspec
E, [2014-02-23T19:02:46.716467 #28746] ERROR -- : SystemExit: exit
/Users/michael.steffen/.rvm/gems/ruby-2.0.0-p353@global/gems/bundler-1.5.1/bin/bundle:4:in `exit'  \n/Users/michael.steffen/.rvm/gems/ruby-2.0.0-p353@global/gems/bundler-1.5.1/bin/bundle:4:in `block in <top (required)>'  \n/Users/michael.steffen/.rvm/gems/ruby-2.0.0-p353@global/gems/bundler-1.5.1/lib/bundler.rb:316:in `call'  \n/Users/michael.steffen/.rvm/gems/ruby-2.0.0-p353@global/gems/bundler-1.5.1/lib/bundler.rb:316:in ``'  \n/Users/michael.steffen/.rvm/gems/ruby-2.0.0-p353@global/gems/bundler-1.5.1/lib/bundler.rb:316:in `sudo'  \n/Users/michael.steffen/.rvm/gems/ruby-2.0.0-p353@global/gems/bundler-1.5.1/lib/bundler/fetcher.rb:45:in `download_gem_from_uri'  \n/Users/michael.steffen/.rvm/gems/ruby-2.0.0-p353@global/gems/bundler-1.5.1/lib/bundler/source/rubygems.rb:78:in `install'  \n/Users/michael.steffen/.rvm/gems/ruby-2.0.0-p353@global/gems/bundler-1.5.1/lib/bundler/installer.rb:111:in `block in install_gem_from_spec'  \n/Users/michael.steffen/.rvm/gems/ruby-2.0.0-p353@global/gems/bundler-1.5.1/lib/bundler/rubygems_integration.rb:150:in `with_build_args'  \n/Users/michael.steffen/.rvm/gems/ruby-2.0.0-p353@global/gems/bundler-1.5.1/lib/bundler/installer.rb:110:in `install_gem_from_spec'  \n/Users/michael.steffen/.rvm/gems/ruby-2.0.0-p353@global/gems/bundler-1.5.1/lib/bundler/installer.rb:295:in `block in install_sequentially'  \n/Users/michael.steffen/.rvm/rubies/ruby-2.0.0-p353/lib/ruby/2.0.0/forwardable.rb:171:in `each'  \n/Users/michael.steffen/.rvm/rubies/ruby-2.0.0-p353/lib/ruby/2.0.0/forwardable.rb:171:in `each'  \n/Users/michael.steffen/.rvm/gems/ruby-2.0.0-p353@global/gems/bundler-1.5.1/lib/bundler/installer.rb:294:in `install_sequentially'  \n/Users/michael.steffen/.rvm/gems/ruby-2.0.0-p353@global/gems/bundler-1.5.1/lib/bundler/installer.rb:97:in `run'  \n/Users/michael.steffen/.rvm/gems/ruby-2.0.0-p353@global/gems/bundler-1.5.1/lib/bundler/installer.rb:15:in `install'  \n/Users/michael.steffen/.rvm/gems/ruby-2.0.0-p353@global/gems/bundler-1.5.1/lib/bundler/cli.rb:257:in `install'  \n/Users/michael.steffen/.rvm/gems/ruby-2.0.0-p353@global/gems/bundler-1.5.1/lib/bundler/vendor/thor/command.rb:27:in `run'  \n/Users/michael.steffen/.rvm/gems/ruby-2.0.0-p353@global/gems/bundler-1.5.1/lib/bundler/vendor/thor/invocation.rb:120:in `invoke_command'  \n/Users/michael.steffen/.rvm/gems/ruby-2.0.0-p353@global/gems/bundler-1.5.1/lib/bundler/vendor/thor.rb:363:in `dispatch'  \n/Users/michael.steffen/.rvm/gems/ruby-2.0.0-p353@global/gems/bundler-1.5.1/lib/bundler/vendor/thor/base.rb:438:in `start'  \n/Users/michael.steffen/.rvm/gems/ruby-2.0.0-p353@global/gems/bundler-1.5.1/lib/bundler/cli.rb:10:in `start'  \n/Users/michael.steffen/.rvm/gems/ruby-2.0.0-p353@global/gems/bundler-1.5.1/bin/bundle:22:in `block in <top (required)>'  \n/Users/michael.steffen/.rvm/gems/ruby-2.0.0-p353@global/gems/bundler-1.5.1/lib/bundler/friendly_errors.rb:5:in `with_friendly_errors'  \n/Users/michael.steffen/.rvm/gems/ruby-2.0.0-p353@global/gems/bundler-1.5.1/bin/bundle:22:in `<top (required)>'  \n/Users/michael.steffen/.rvm/gems/ruby-2.0.0-p353@global/bin/bundle:19:in `load'  \n/Users/michael.steffen/.rvm/gems/ruby-2.0.0-p353@global/bin/bundle:19:in `<main>'
I, [2014-02-23T19:03:12.402255 #28766]  INFO -- : 0:  i18n (0.6.9) from /Users/michael.steffen/.rvm/gems/ruby-2.0.0-p353/specifications/i18n-0.6.9.gemspec
I, [2014-02-23T19:03:14.050371 #28766]  INFO -- : 0:  minitest (4.7.5) from /Users/michael.steffen/.rvm/gems/ruby-2.0.0-p353/specifications/minitest-4.7.5.gemspec
I, [2014-02-23T19:03:15.289181 #28766]  INFO -- : 0:  multi_json (1.8.4) from /Users/michael.steffen/.rvm/gems/ruby-2.0.0-p353/specifications/multi_json-1.8.4.gemspec
I, [2014-02-23T19:03:17.059472 #28766]  INFO -- : 0:  atomic (1.1.14) from /Users/michael.steffen/.rvm/gems/ruby-2.0.0-p353/specifications/atomic-1.1.14.gemspec
I, [2014-02-23T19:03:18.203621 #28766]  INFO -- : 0:  thread_safe (0.1.3) from /Users/michael.steffen/.rvm/gems/ruby-2.0.0-p353/specifications/thread_safe-0.1.3.gemspec
I, [2014-02-23T19:03:20.099592 #28766]  INFO -- : 0:  tzinfo (0.3.38) from /Users/michael.steffen/.rvm/gems/ruby-2.0.0-p353/specifications/tzinfo-0.3.38.gemspec
I, [2014-02-23T19:03:22.269181 #28766]  INFO -- : 0:  activesupport (4.0.3) from /Users/michael.steffen/.rvm/gems/ruby-2.0.0-p353/specifications/activesupport-4.0.3.gemspec
I, [2014-02-23T19:03:23.029661 #28766]  INFO -- : 0:  builder (3.1.4) from /Users/michael.steffen/.rvm/gems/ruby-2.0.0-p353/specifications/builder-3.1.4.gemspec
I, [2014-02-23T19:03:24.182798 #28766]  INFO -- : 0:  activemodel (4.0.3) from /Users/michael.steffen/.rvm/gems/ruby-2.0.0-p353/specifications/activemodel-4.0.3.gemspec
I, [2014-02-23T19:03:25.345980 #28766]  INFO -- : 0:  activerecord-deprecated_finders (1.0.3) from /Users/michael.steffen/.rvm/gems/ruby-2.0.0-p353/specifications/activerecord-deprecated_finders-1.0.3.gemspec
I, [2014-02-23T19:03:26.322186 #28766]  INFO -- : 0:  arel (4.0.2) from /Users/michael.steffen/.rvm/gems/ruby-2.0.0-p353/specifications/arel-4.0.2.gemspec
I, [2014-02-23T19:03:28.160037 #28766]  INFO -- : 0:  activerecord (4.0.3) from /Users/michael.steffen/.rvm/gems/ruby-2.0.0-p353/specifications/activerecord-4.0.3.gemspec
I, [2014-02-23T19:03:29.239587 #28766]  INFO -- : 0:  bond (0.4.3) from /Users/michael.steffen/.rvm/gems/ruby-2.0.0-p353/specifications/bond-0.4.3.gemspec
I, [2014-02-23T19:03:35.629164 #28766]  INFO -- : 0:  pg (0.17.1) from /Users/michael.steffen/.rvm/gems/ruby-2.0.0-p353/specifications/pg-0.17.1.gemspec
I, [2014-02-23T19:03:37.251408 #28766]  INFO -- : 0:  rack (1.5.2) from /Users/michael.steffen/.rvm/gems/ruby-2.0.0-p353/specifications/rack-1.5.2.gemspec
I, [2014-02-23T19:03:38.448734 #28766]  INFO -- : 0:  rack-protection (1.5.2) from /Users/michael.steffen/.rvm/gems/ruby-2.0.0-p353/specifications/rack-protection-1.5.2.gemspec
I, [2014-02-23T19:03:39.491986 #28766]  INFO -- : 0:  rack-test (0.6.2) from /Users/michael.steffen/.rvm/gems/ruby-2.0.0-p353/specifications/rack-test-0.6.2.gemspec
I, [2014-02-23T19:03:40.230413 #28766]  INFO -- : 0:  ripl (0.7.0) from /Users/michael.steffen/.rvm/gems/ruby-2.0.0-p353/specifications/ripl-0.7.0.gemspec
I, [2014-02-23T19:03:41.120822 #28766]  INFO -- : 0:  ripl-multi_line (0.3.1) from /Users/michael.steffen/.rvm/gems/ruby-2.0.0-p353/specifications/ripl-multi_line-0.3.1.gemspec
I, [2014-02-23T19:03:41.951973 #28766]  INFO -- : 0:  ripl-rack (0.2.1) from /Users/michael.steffen/.rvm/gems/ruby-2.0.0-p353/specifications/ripl-rack-0.2.1.gemspec
I, [2014-02-23T19:03:43.104383 #28766]  INFO -- : 0:  tilt (1.4.1) from /Users/michael.steffen/.rvm/gems/ruby-2.0.0-p353/specifications/tilt-1.4.1.gemspec
I, [2014-02-23T19:03:44.772305 #28766]  INFO -- : 0:  sinatra (1.4.4) from /Users/michael.steffen/.rvm/gems/ruby-2.0.0-p353/specifications/sinatra-1.4.4.gemspec
I, [2014-02-23T19:03:45.489397 #28766]  INFO -- : 0:  sinatra-activerecord (1.3.0) from /Users/michael.steffen/.rvm/gems/ruby-2.0.0-p353/specifications/sinatra-activerecord-1.3.0.gemspec
I, [2014-02-23T19:03:46.719132 #28766]  INFO -- : 0:  sinatra-flash (0.3.0) from /Users/michael.steffen/.rvm/gems/ruby-2.0.0-p353/specifications/sinatra-flash-0.3.0.gemspec
I, [2014-02-23T19:03:47.769421 #28766]  INFO -- : 0:  sinatra-redirect-with-flash (0.2.1) from /Users/michael.steffen/.rvm/gems/ruby-2.0.0-p353/specifications/sinatra-redirect-with-flash-0.2.1.gemspec
I, [2014-02-23T19:03:48.572048 #28766]  INFO -- : 0:  tux (0.3.0) from /Users/michael.steffen/.rvm/gems/ruby-2.0.0-p353/specifications/tux-0.3.0.gemspec
I, [2014-02-23T19:03:48.575362 #28766]  INFO -- : 0:  bundler (1.5.1) from /Users/michael.steffen/.rvm/gems/ruby-2.0.0-p353@global/specifications/bundler-1.5.1.gemspec
I, [2014-02-23T19:16:00.208959 #29506]  INFO -- : 0:  i18n (0.6.9) from /Users/michael.steffen/.rvm/gems/ruby-2.0.0-p353/specifications/i18n-0.6.9.gemspec
I, [2014-02-23T19:16:00.209357 #29506]  INFO -- : 0:  minitest (4.7.5) from /Users/michael.steffen/.rvm/gems/ruby-2.0.0-p353/specifications/minitest-4.7.5.gemspec
I, [2014-02-23T19:16:00.209623 #29506]  INFO -- : 0:  multi_json (1.8.4) from /Users/michael.steffen/.rvm/gems/ruby-2.0.0-p353/specifications/multi_json-1.8.4.gemspec
I, [2014-02-23T19:16:00.209884 #29506]  INFO -- : 0:  atomic (1.1.14) from /Users/michael.steffen/.rvm/gems/ruby-2.0.0-p353/specifications/atomic-1.1.14.gemspec
I, [2014-02-23T19:16:00.210138 #29506]  INFO -- : 0:  thread_safe (0.1.3) from /Users/michael.steffen/.rvm/gems/ruby-2.0.0-p353/specifications/thread_safe-0.1.3.gemspec
I, [2014-02-23T19:16:00.210381 #29506]  INFO -- : 0:  tzinfo (0.3.38) from /Users/michael.steffen/.rvm/gems/ruby-2.0.0-p353/specifications/tzinfo-0.3.38.gemspec
I, [2014-02-23T19:16:00.210807 #29506]  INFO -- : 0:  activesupport (4.0.3) from /Users/michael.steffen/.rvm/gems/ruby-2.0.0-p353/specifications/activesupport-4.0.3.gemspec
I, [2014-02-23T19:16:00.211139 #29506]  INFO -- : 0:  builder (3.1.4) from /Users/michael.steffen/.rvm/gems/ruby-2.0.0-p353/specifications/builder-3.1.4.gemspec
I, [2014-02-23T19:16:00.211462 #29506]  INFO -- : 0:  activemodel (4.0.3) from /Users/michael.steffen/.rvm/gems/ruby-2.0.0-p353/specifications/activemodel-4.0.3.gemspec
I, [2014-02-23T19:16:00.211770 #29506]  INFO -- : 0:  activerecord-deprecated_finders (1.0.3) from /Users/michael.steffen/.rvm/gems/ruby-2.0.0-p353/specifications/activerecord-deprecated_finders-1.0.3.gemspec
I, [2014-02-23T19:16:00.212073 #29506]  INFO -- : 0:  arel (4.0.2) from /Users/michael.steffen/.rvm/gems/ruby-2.0.0-p353/specifications/arel-4.0.2.gemspec
I, [2014-02-23T19:16:00.212381 #29506]  INFO -- : 0:  activerecord (4.0.3) from /Users/michael.steffen/.rvm/gems/ruby-2.0.0-p353/specifications/activerecord-4.0.3.gemspec
I, [2014-02-23T19:16:00.212688 #29506]  INFO -- : 0:  bond (0.4.3) from /Users/michael.steffen/.rvm/gems/ruby-2.0.0-p353/specifications/bond-0.4.3.gemspec
I, [2014-02-23T19:16:00.212992 #29506]  INFO -- : 0:  pg (0.17.1) from /Users/michael.steffen/.rvm/gems/ruby-2.0.0-p353/specifications/pg-0.17.1.gemspec
I, [2014-02-23T19:16:00.213346 #29506]  INFO -- : 0:  rack (1.5.2) from /Users/michael.steffen/.rvm/gems/ruby-2.0.0-p353/specifications/rack-1.5.2.gemspec
I, [2014-02-23T19:16:00.213658 #29506]  INFO -- : 0:  rack-protection (1.5.2) from /Users/michael.steffen/.rvm/gems/ruby-2.0.0-p353/specifications/rack-protection-1.5.2.gemspec
I, [2014-02-23T19:16:00.213958 #29506]  INFO -- : 0:  rack-test (0.6.2) from /Users/michael.steffen/.rvm/gems/ruby-2.0.0-p353/specifications/rack-test-0.6.2.gemspec
I, [2014-02-23T19:16:00.214259 #29506]  INFO -- : 0:  ripl (0.7.0) from /Users/michael.steffen/.rvm/gems/ruby-2.0.0-p353/specifications/ripl-0.7.0.gemspec
I, [2014-02-23T19:16:00.214548 #29506]  INFO -- : 0:  ripl-multi_line (0.3.1) from /Users/michael.steffen/.rvm/gems/ruby-2.0.0-p353/specifications/ripl-multi_line-0.3.1.gemspec
I, [2014-02-23T19:16:00.214840 #29506]  INFO -- : 0:  ripl-rack (0.2.1) from /Users/michael.steffen/.rvm/gems/ruby-2.0.0-p353/specifications/ripl-rack-0.2.1.gemspec
I, [2014-02-23T19:16:00.215128 #29506]  INFO -- : 0:  tilt (1.4.1) from /Users/michael.steffen/.rvm/gems/ruby-2.0.0-p353/specifications/tilt-1.4.1.gemspec
I, [2014-02-23T19:16:00.215417 #29506]  INFO -- : 0:  sinatra (1.4.4) from /Users/michael.steffen/.rvm/gems/ruby-2.0.0-p353/specifications/sinatra-1.4.4.gemspec
I, [2014-02-23T19:16:00.215712 #29506]  INFO -- : 0:  sinatra-activerecord (1.3.0) from /Users/michael.steffen/.rvm/gems/ruby-2.0.0-p353/specifications/sinatra-activerecord-1.3.0.gemspec
I, [2014-02-23T19:16:00.216005 #29506]  INFO -- : 0:  sinatra-flash (0.3.0) from /Users/michael.steffen/.rvm/gems/ruby-2.0.0-p353/specifications/sinatra-flash-0.3.0.gemspec
I, [2014-02-23T19:16:00.216296 #29506]  INFO -- : 0:  sinatra-redirect-with-flash (0.2.1) from /Users/michael.steffen/.rvm/gems/ruby-2.0.0-p353/specifications/sinatra-redirect-with-flash-0.2.1.gemspec
I, [2014-02-23T19:16:00.216587 #29506]  INFO -- : 0:  tux (0.3.0) from /Users/michael.steffen/.rvm/gems/ruby-2.0.0-p353/specifications/tux-0.3.0.gemspec
I, [2014-02-23T19:16:00.216862 #29506]  INFO -- : 0:  bundler (1.5.1) from /Users/michael.steffen/.rvm/gems/ruby-2.0.0-p353@global/specifications/bundler-1.5.1.gemspec
I, [2014-02-24T20:59:39.759708 #37028]  INFO -- : 0:  i18n (0.6.9) from /Users/michael.steffen/.rvm/gems/ruby-2.0.0-p353/specifications/i18n-0.6.9.gemspec
I, [2014-02-24T20:59:39.763834 #37028]  INFO -- : 0:  minitest (4.7.5) from /Users/michael.steffen/.rvm/gems/ruby-2.0.0-p353/specifications/minitest-4.7.5.gemspec
I, [2014-02-24T20:59:39.764380 #37028]  INFO -- : 0:  multi_json (1.8.4) from /Users/michael.steffen/.rvm/gems/ruby-2.0.0-p353/specifications/multi_json-1.8.4.gemspec
I, [2014-02-24T20:59:39.764835 #37028]  INFO -- : 0:  atomic (1.1.14) from /Users/michael.steffen/.rvm/gems/ruby-2.0.0-p353/specifications/atomic-1.1.14.gemspec
I, [2014-02-24T20:59:39.765292 #37028]  INFO -- : 0:  thread_safe (0.1.3) from /Users/michael.steffen/.rvm/gems/ruby-2.0.0-p353/specifications/thread_safe-0.1.3.gemspec
I, [2014-02-24T20:59:39.765678 #37028]  INFO -- : 0:  tzinfo (0.3.38) from /Users/michael.steffen/.rvm/gems/ruby-2.0.0-p353/specifications/tzinfo-0.3.38.gemspec
I, [2014-02-24T20:59:39.765981 #37028]  INFO -- : 0:  activesupport (4.0.3) from /Users/michael.steffen/.rvm/gems/ruby-2.0.0-p353/specifications/activesupport-4.0.3.gemspec
I, [2014-02-24T20:59:39.766258 #37028]  INFO -- : 0:  builder (3.1.4) from /Users/michael.steffen/.rvm/gems/ruby-2.0.0-p353/specifications/builder-3.1.4.gemspec
I, [2014-02-24T20:59:39.766534 #37028]  INFO -- : 0:  activemodel (4.0.3) from /Users/michael.steffen/.rvm/gems/ruby-2.0.0-p353/specifications/activemodel-4.0.3.gemspec
I, [2014-02-24T20:59:39.766810 #37028]  INFO -- : 0:  activerecord-deprecated_finders (1.0.3) from /Users/michael.steffen/.rvm/gems/ruby-2.0.0-p353/specifications/activerecord-deprecated_finders-1.0.3.gemspec
I, [2014-02-24T20:59:39.767080 #37028]  INFO -- : 0:  arel (4.0.2) from /Users/michael.steffen/.rvm/gems/ruby-2.0.0-p353/specifications/arel-4.0.2.gemspec
I, [2014-02-24T20:59:39.767349 #37028]  INFO -- : 0:  activerecord (4.0.3) from /Users/michael.steffen/.rvm/gems/ruby-2.0.0-p353/specifications/activerecord-4.0.3.gemspec
I, [2014-02-24T20:59:39.767617 #37028]  INFO -- : 0:  bond (0.4.3) from /Users/michael.steffen/.rvm/gems/ruby-2.0.0-p353/specifications/bond-0.4.3.gemspec
I, [2014-02-24T20:59:39.767884 #37028]  INFO -- : 0:  pg (0.17.1) from /Users/michael.steffen/.rvm/gems/ruby-2.0.0-p353/specifications/pg-0.17.1.gemspec
I, [2014-02-24T20:59:39.768152 #37028]  INFO -- : 0:  rack (1.5.2) from /Users/michael.steffen/.rvm/gems/ruby-2.0.0-p353/specifications/rack-1.5.2.gemspec
I, [2014-02-24T20:59:39.768423 #37028]  INFO -- : 0:  rack-protection (1.5.2) from /Users/michael.steffen/.rvm/gems/ruby-2.0.0-p353/specifications/rack-protection-1.5.2.gemspec
I, [2014-02-24T20:59:39.768689 #37028]  INFO -- : 0:  rack-test (0.6.2) from /Users/michael.steffen/.rvm/gems/ruby-2.0.0-p353/specifications/rack-test-0.6.2.gemspec
I, [2014-02-24T20:59:39.768950 #37028]  INFO -- : 0:  ripl (0.7.0) from /Users/michael.steffen/.rvm/gems/ruby-2.0.0-p353/specifications/ripl-0.7.0.gemspec
I, [2014-02-24T20:59:39.769218 #37028]  INFO -- : 0:  ripl-multi_line (0.3.1) from /Users/michael.steffen/.rvm/gems/ruby-2.0.0-p353/specifications/ripl-multi_line-0.3.1.gemspec
I, [2014-02-24T20:59:39.769608 #37028]  INFO -- : 0:  ripl-rack (0.2.1) from /Users/michael.steffen/.rvm/gems/ruby-2.0.0-p353/specifications/ripl-rack-0.2.1.gemspec
I, [2014-02-24T20:59:39.769883 #37028]  INFO -- : 0:  tilt (1.4.1) from /Users/michael.steffen/.rvm/gems/ruby-2.0.0-p353/specifications/tilt-1.4.1.gemspec
I, [2014-02-24T20:59:39.770153 #37028]  INFO -- : 0:  sinatra (1.4.4) from /Users/michael.steffen/.rvm/gems/ruby-2.0.0-p353/specifications/sinatra-1.4.4.gemspec
I, [2014-02-24T20:59:39.770427 #37028]  INFO -- : 0:  sinatra-activerecord (1.3.0) from /Users/michael.steffen/.rvm/gems/ruby-2.0.0-p353/specifications/sinatra-activerecord-1.3.0.gemspec
I, [2014-02-24T20:59:39.770695 #37028]  INFO -- : 0:  sinatra-flash (0.3.0) from /Users/michael.steffen/.rvm/gems/ruby-2.0.0-p353/specifications/sinatra-flash-0.3.0.gemspec
I, [2014-02-24T20:59:39.771031 #37028]  INFO -- : 0:  sinatra-redirect-with-flash (0.2.1) from /Users/michael.steffen/.rvm/gems/ruby-2.0.0-p353/specifications/sinatra-redirect-with-flash-0.2.1.gemspec
I, [2014-02-24T20:59:39.771295 #37028]  INFO -- : 0:  tux (0.3.0) from /Users/michael.steffen/.rvm/gems/ruby-2.0.0-p353/specifications/tux-0.3.0.gemspec
I, [2014-02-24T20:59:39.771555 #37028]  INFO -- : 0:  bundler (1.5.1) from /Users/michael.steffen/.rvm/gems/ruby-2.0.0-p353@global/specifications/bundler-1.5.1.gemspec
I, [2014-03-01T18:06:53.339773 #69382]  INFO -- : 0:  i18n (0.6.9) from /Users/michael.steffen/.rvm/gems/ruby-2.0.0-p353/specifications/i18n-0.6.9.gemspec
I, [2014-03-01T18:06:53.345521 #69382]  INFO -- : 0:  minitest (4.7.5) from /Users/michael.steffen/.rvm/gems/ruby-2.0.0-p353/specifications/minitest-4.7.5.gemspec
I, [2014-03-01T18:06:53.345952 #69382]  INFO -- : 0:  multi_json (1.8.4) from /Users/michael.steffen/.rvm/gems/ruby-2.0.0-p353/specifications/multi_json-1.8.4.gemspec
I, [2014-03-01T18:06:53.346386 #69382]  INFO -- : 0:  atomic (1.1.14) from /Users/michael.steffen/.rvm/gems/ruby-2.0.0-p353/specifications/atomic-1.1.14.gemspec
I, [2014-03-01T18:06:53.346721 #69382]  INFO -- : 0:  thread_safe (0.1.3) from /Users/michael.steffen/.rvm/gems/ruby-2.0.0-p353/specifications/thread_safe-0.1.3.gemspec
I, [2014-03-01T18:06:53.346998 #69382]  INFO -- : 0:  tzinfo (0.3.38) from /Users/michael.steffen/.rvm/gems/ruby-2.0.0-p353/specifications/tzinfo-0.3.38.gemspec
I, [2014-03-01T18:06:53.347310 #69382]  INFO -- : 0:  activesupport (4.0.3) from /Users/michael.steffen/.rvm/gems/ruby-2.0.0-p353/specifications/activesupport-4.0.3.gemspec
I, [2014-03-01T18:06:53.347615 #69382]  INFO -- : 0:  builder (3.1.4) from /Users/michael.steffen/.rvm/gems/ruby-2.0.0-p353/specifications/builder-3.1.4.gemspec
I, [2014-03-01T18:07:21.156080 #69382]  INFO -- : 0:  erubis (2.7.0) from /Users/michael.steffen/.rvm/gems/ruby-2.0.0-p353/specifications/erubis-2.7.0.gemspec
I, [2014-03-01T18:07:21.183742 #69382]  INFO -- : 0:  rack (1.5.2) from /Users/michael.steffen/.rvm/gems/ruby-2.0.0-p353/specifications/rack-1.5.2.gemspec
I, [2014-03-01T18:07:21.184226 #69382]  INFO -- : 0:  rack-test (0.6.2) from /Users/michael.steffen/.rvm/gems/ruby-2.0.0-p353/specifications/rack-test-0.6.2.gemspec
I, [2014-03-01T18:07:23.559760 #69382]  INFO -- : 0:  actionpack (4.0.3) from /Users/michael.steffen/.rvm/gems/ruby-2.0.0-p353/specifications/actionpack-4.0.3.gemspec
I, [2014-03-01T18:07:23.584341 #69382]  INFO -- : 0:  activemodel (4.0.3) from /Users/michael.steffen/.rvm/gems/ruby-2.0.0-p353/specifications/activemodel-4.0.3.gemspec
I, [2014-03-01T18:07:23.584939 #69382]  INFO -- : 0:  activerecord-deprecated_finders (1.0.3) from /Users/michael.steffen/.rvm/gems/ruby-2.0.0-p353/specifications/activerecord-deprecated_finders-1.0.3.gemspec
I, [2014-03-01T18:07:23.585450 #69382]  INFO -- : 0:  arel (4.0.2) from /Users/michael.steffen/.rvm/gems/ruby-2.0.0-p353/specifications/arel-4.0.2.gemspec
I, [2014-03-01T18:07:23.585960 #69382]  INFO -- : 0:  activerecord (4.0.3) from /Users/michael.steffen/.rvm/gems/ruby-2.0.0-p353/specifications/activerecord-4.0.3.gemspec
I, [2014-03-01T18:07:23.586471 #69382]  INFO -- : 0:  bond (0.4.3) from /Users/michael.steffen/.rvm/gems/ruby-2.0.0-p353/specifications/bond-0.4.3.gemspec
I, [2014-03-01T18:07:23.586941 #69382]  INFO -- : 0:  pg (0.17.1) from /Users/michael.steffen/.rvm/gems/ruby-2.0.0-p353/specifications/pg-0.17.1.gemspec
I, [2014-03-01T18:07:23.587470 #69382]  INFO -- : 0:  rack-protection (1.5.2) from /Users/michael.steffen/.rvm/gems/ruby-2.0.0-p353/specifications/rack-protection-1.5.2.gemspec
I, [2014-03-01T18:07:23.587980 #69382]  INFO -- : 0:  ripl (0.7.0) from /Users/michael.steffen/.rvm/gems/ruby-2.0.0-p353/specifications/ripl-0.7.0.gemspec
I, [2014-03-01T18:07:23.588484 #69382]  INFO -- : 0:  ripl-multi_line (0.3.1) from /Users/michael.steffen/.rvm/gems/ruby-2.0.0-p353/specifications/ripl-multi_line-0.3.1.gemspec
I, [2014-03-01T18:07:23.588986 #69382]  INFO -- : 0:  ripl-rack (0.2.1) from /Users/michael.steffen/.rvm/gems/ruby-2.0.0-p353/specifications/ripl-rack-0.2.1.gemspec
I, [2014-03-01T18:07:23.589458 #69382]  INFO -- : 0:  tilt (1.4.1) from /Users/michael.steffen/.rvm/gems/ruby-2.0.0-p353/specifications/tilt-1.4.1.gemspec
I, [2014-03-01T18:07:23.589890 #69382]  INFO -- : 0:  sinatra (1.4.4) from /Users/michael.steffen/.rvm/gems/ruby-2.0.0-p353/specifications/sinatra-1.4.4.gemspec
I, [2014-03-01T18:07:23.590267 #69382]  INFO -- : 0:  sinatra-activerecord (1.3.0) from /Users/michael.steffen/.rvm/gems/ruby-2.0.0-p353/specifications/sinatra-activerecord-1.3.0.gemspec
I, [2014-03-01T18:07:23.590673 #69382]  INFO -- : 0:  sinatra-flash (0.3.0) from /Users/michael.steffen/.rvm/gems/ruby-2.0.0-p353/specifications/sinatra-flash-0.3.0.gemspec
I, [2014-03-01T18:07:23.591130 #69382]  INFO -- : 0:  sinatra-redirect-with-flash (0.2.1) from /Users/michael.steffen/.rvm/gems/ruby-2.0.0-p353/specifications/sinatra-redirect-with-flash-0.2.1.gemspec
I, [2014-03-01T18:07:23.591832 #69382]  INFO -- : 0:  tux (0.3.0) from /Users/michael.steffen/.rvm/gems/ruby-2.0.0-p353/specifications/tux-0.3.0.gemspec
I, [2014-03-01T18:07:23.592371 #69382]  INFO -- : 0:  bundler (1.5.1) from /Users/michael.steffen/.rvm/gems/ruby-2.0.0-p353@global/specifications/bundler-1.5.1.gemspec
